[2022-10-09T21:48:25.532Z] Log level: Info
[2022-10-09T21:48:25.544Z] [info] Validating found git in: git
[2022-10-09T21:48:25.586Z] [info] Using git 2.37.3 from git
[2022-10-09T21:48:25.631Z] > git rev-parse --show-toplevel [11ms]
[2022-10-09T21:48:25.632Z] fatal: not a git repository (or any of the parent directories): .git
[2022-10-09T21:48:25.657Z] > git rev-parse --show-toplevel [2ms]
[2022-10-09T21:48:25.676Z] > git rev-parse --git-dir --git-common-dir [5ms]
[2022-10-09T21:48:25.693Z] [info] Open repository: /home/p4imon/Documents/Code/LeakScraper
[2022-10-09T21:48:25.793Z] > git status -z -uall [65ms]
[2022-10-09T21:48:25.804Z] > git rev-parse --show-toplevel [59ms]
[2022-10-09T21:48:25.805Z] fatal: not a git repository (or any of the parent directories): .git
[2022-10-09T21:48:25.829Z] > git rev-parse --show-toplevel [3ms]
[2022-10-09T21:48:25.829Z] fatal: not a git repository (or any of the parent directories): .git
[2022-10-09T21:48:25.844Z] > git symbolic-ref --short HEAD [41ms]
[2022-10-09T21:48:25.858Z] > git rev-parse --show-toplevel [15ms]
[2022-10-09T21:48:25.858Z] fatal: not a git repository (or any of the parent directories): .git
[2022-10-09T21:48:25.878Z] > git for-each-ref --format=%(refname)%00%(upstream:short)%00%(objectname)%00%(upstream:track)%00%(upstream:remotename)%00%(upstream:remoteref) refs/heads/main refs/remotes/main [21ms]
[2022-10-09T21:48:25.930Z] > git for-each-ref --sort -committerdate --format %(refname) %(objectname) %(*objectname) [34ms]
[2022-10-09T21:48:25.943Z] > git remote --verbose [17ms]
[2022-10-09T21:48:25.970Z] > git config --get commit.template [8ms]
[2022-10-09T21:48:25.992Z] > git status -z -uall [6ms]
[2022-10-09T21:48:26.006Z] > git symbolic-ref --short HEAD [5ms]
[2022-10-09T21:48:26.019Z] > git for-each-ref --format=%(refname)%00%(upstream:short)%00%(objectname)%00%(upstream:track)%00%(upstream:remotename)%00%(upstream:remoteref) refs/heads/main refs/remotes/main [5ms]
[2022-10-09T21:48:26.050Z] > git for-each-ref --sort -committerdate --format %(refname) %(objectname) %(*objectname) [22ms]
[2022-10-09T21:48:26.054Z] > git remote --verbose [16ms]
[2022-10-09T21:48:26.095Z] > git config --get commit.template [7ms]
[2022-10-09T21:48:26.468Z] > git show --textconv :Script.py [21ms]
[2022-10-09T21:48:26.469Z] > git ls-files --stage -- /home/p4imon/Documents/Code/LeakScraper/Script.py [7ms]
[2022-10-09T21:48:26.490Z] > git cat-file -s 967311fb9bfd8dfdccc25aa2658026b480c37898 [5ms]
[2022-10-09T21:48:26.608Z] > git check-ignore -v -z --stdin [5ms]
[2022-10-09T21:48:29.265Z] > git rev-parse --show-toplevel [2ms]
[2022-10-09T21:48:29.265Z] fatal: not a git repository (or any of the parent directories): .git
[2022-10-09T21:50:02.081Z] > git status -z -uall [4ms]
[2022-10-09T21:50:02.090Z] > git symbolic-ref --short HEAD [2ms]
[2022-10-09T21:50:02.103Z] > git for-each-ref --format=%(refname)%00%(upstream:short)%00%(objectname)%00%(upstream:track)%00%(upstream:remotename)%00%(upstream:remoteref) refs/heads/main refs/remotes/main [3ms]
[2022-10-09T21:50:02.125Z] > git for-each-ref --sort -committerdate --format %(refname) %(objectname) %(*objectname) [13ms]
[2022-10-09T21:50:02.126Z] > git remote --verbose [5ms]
[2022-10-09T21:50:02.151Z] > git config --get commit.template [3ms]
[2022-10-09T21:50:56.386Z] > git status -z -uall [3ms]
[2022-10-09T21:50:56.417Z] > git symbolic-ref --short HEAD [20ms]
[2022-10-09T21:50:56.427Z] > git ls-files --stage -- /home/p4imon/Documents/Code/LeakScraper/Script.py [14ms]
[2022-10-09T21:50:56.439Z] > git for-each-ref --format=%(refname)%00%(upstream:short)%00%(objectname)%00%(upstream:track)%00%(upstream:remotename)%00%(upstream:remoteref) refs/heads/main refs/remotes/main [14ms]
[2022-10-09T21:50:56.462Z] > git for-each-ref --sort -committerdate --format %(refname) %(objectname) %(*objectname) [14ms]
[2022-10-09T21:50:56.463Z] > git cat-file -s 967311fb9bfd8dfdccc25aa2658026b480c37898 [25ms]
[2022-10-09T21:50:56.467Z] > git remote --verbose [9ms]
[2022-10-09T21:50:56.492Z] > git show --textconv :Script.py [11ms]
[2022-10-09T21:50:56.494Z] > git config --get commit.template [4ms]
[2022-10-09T21:51:07.545Z] > git status -z -uall [4ms]
[2022-10-09T21:51:07.556Z] > git symbolic-ref --short HEAD [2ms]
[2022-10-09T21:51:07.566Z] > git for-each-ref --format=%(refname)%00%(upstream:short)%00%(objectname)%00%(upstream:track)%00%(upstream:remotename)%00%(upstream:remoteref) refs/heads/main refs/remotes/main [4ms]
[2022-10-09T21:51:07.580Z] > git for-each-ref --sort -committerdate --format %(refname) %(objectname) %(*objectname) [8ms]
[2022-10-09T21:51:07.581Z] > git remote --verbose [3ms]
[2022-10-09T21:51:07.594Z] > git config --get commit.template [1ms]
[2022-10-09T21:53:35.603Z] > git status -z -uall [8ms]
[2022-10-09T21:53:35.627Z] > git symbolic-ref --short HEAD [6ms]
[2022-10-09T21:53:35.641Z] > git for-each-ref --format=%(refname)%00%(upstream:short)%00%(objectname)%00%(upstream:track)%00%(upstream:remotename)%00%(upstream:remoteref) refs/heads/main refs/remotes/main [4ms]
[2022-10-09T21:53:35.658Z] > git for-each-ref --sort -committerdate --format %(refname) %(objectname) %(*objectname) [10ms]
[2022-10-09T21:53:35.659Z] > git remote --verbose [3ms]
[2022-10-09T21:53:35.672Z] > git config --get commit.template [1ms]
[2022-10-09T22:00:41.107Z] > git status -z -uall [50ms]
[2022-10-09T22:00:41.146Z] > git symbolic-ref --short HEAD [4ms]
[2022-10-09T22:00:41.163Z] > git for-each-ref --format=%(refname)%00%(upstream:short)%00%(objectname)%00%(upstream:track)%00%(upstream:remotename)%00%(upstream:remoteref) refs/heads/main refs/remotes/main [8ms]
[2022-10-09T22:00:41.191Z] > git for-each-ref --sort -committerdate --format %(refname) %(objectname) %(*objectname) [15ms]
[2022-10-09T22:00:41.196Z] > git remote --verbose [7ms]
[2022-10-09T22:00:41.222Z] > git config --get commit.template [8ms]
[2022-10-10T12:24:35.138Z] > git status -z -uall [19ms]
[2022-10-10T12:24:35.159Z] > git symbolic-ref --short HEAD [5ms]
[2022-10-10T12:24:35.174Z] > git for-each-ref --format=%(refname)%00%(upstream:short)%00%(objectname)%00%(upstream:track)%00%(upstream:remotename)%00%(upstream:remoteref) refs/heads/main refs/remotes/main [7ms]
[2022-10-10T12:24:35.191Z] > git for-each-ref --sort -committerdate --format %(refname) %(objectname) %(*objectname) [9ms]
[2022-10-10T12:24:35.195Z] > git remote --verbose [5ms]
[2022-10-10T12:24:35.219Z] > git config --get commit.template [2ms]
