[2022-10-06 19:47:55.040] [exthost] [info] Extension host with pid 6025 started
[2022-10-06 19:47:55.237] [exthost] [info] ExtensionService#_doActivateExtension vscode.debug-auto-launch, startup: true, activationEvent: '*'
[2022-10-06 19:47:55.252] [exthost] [info] ExtensionService#_doActivateExtension vscode.git-base, startup: true, activationEvent: '*', root cause: vscode.git
[2022-10-06 19:47:55.262] [exthost] [info] ExtensionService#_doActivateExtension vscode.ipynb, startup: true, activationEvent: '*'
[2022-10-06 19:47:55.331] [exthost] [info] ExtensionService#_doActivateExtension vscode.git, startup: true, activationEvent: '*'
[2022-10-06 19:47:55.674] [exthost] [info] ExtensionService#_doActivateExtension vscode.github, startup: true, activationEvent: '*'
[2022-10-06 19:47:55.863] [exthost] [info] Eager extensions activated
[2022-10-06 19:47:55.895] [exthost] [info] ExtensionService#_doActivateExtension vscode.emmet, startup: false, activationEvent: 'onStartupFinished'
[2022-10-06 19:47:55.953] [exthost] [info] ExtensionService#_doActivateExtension vscode.merge-conflict, startup: false, activationEvent: 'onStartupFinished'
[2022-10-06 19:48:34.193] [exthost] [info] Extension host terminating: received terminate message from renderer
[2022-10-06 19:48:34.209] [exthost] [info] Extension host with pid 6025 exiting with code 0
[2022-10-06 19:48:38.858] [exthost] [info] Extension host with pid 6123 started
[2022-10-06 19:48:38.858] [exthost] [info] Skipping acquiring lock for /home/p4imon/.config/Code - OSS/User/workspaceStorage/607fafe745b69dc91b475181d58f0f6f.
[2022-10-06 19:48:39.264] [exthost] [info] ExtensionService#_doActivateExtension vscode.debug-auto-launch, startup: true, activationEvent: '*'
[2022-10-06 19:48:39.271] [exthost] [info] ExtensionService#_doActivateExtension vscode.git-base, startup: true, activationEvent: '*'
[2022-10-06 19:48:39.276] [exthost] [info] ExtensionService#_doActivateExtension vscode.ipynb, startup: true, activationEvent: '*'
[2022-10-06 19:48:39.319] [exthost] [info] ExtensionService#_doActivateExtension vscode.github, startup: true, activationEvent: '*'
[2022-10-06 19:48:39.330] [exthost] [info] ExtensionService#_doActivateExtension vscode.git, startup: false, activationEvent: '*'
[2022-10-06 19:48:39.405] [exthost] [info] Eager extensions activated
[2022-10-06 19:48:39.487] [exthost] [info] ExtensionService#_doActivateExtension vscode.emmet, startup: false, activationEvent: 'onStartupFinished'
[2022-10-06 19:48:39.509] [exthost] [info] ExtensionService#_doActivateExtension vscode.merge-conflict, startup: false, activationEvent: 'onStartupFinished'
