[2022-10-07T16:57:36.975Z] Log level: Info
[2022-10-07T16:57:36.977Z] [info] Validating found git in: git
[2022-10-07T16:57:37.038Z] [info] Using git 2.37.3 from git
[2022-10-07T16:57:37.082Z] > git rev-parse --show-toplevel [11ms]
[2022-10-07T16:57:37.082Z] fatal: not a git repository (or any of the parent directories): .git
[2022-10-07T16:57:37.137Z] > git rev-parse --show-toplevel [6ms]
[2022-10-07T16:57:37.137Z] fatal: not a git repository (or any of the parent directories): .git
[2022-10-07T16:57:37.153Z] > git rev-parse --show-toplevel [4ms]
[2022-10-07T16:57:37.153Z] fatal: not a git repository (or any of the parent directories): .git
[2022-10-07T16:57:37.170Z] > git rev-parse --show-toplevel [5ms]
[2022-10-07T16:57:37.170Z] fatal: not a git repository (or any of the parent directories): .git
[2022-10-07T16:57:37.194Z] > git rev-parse --show-toplevel [13ms]
[2022-10-07T16:57:37.194Z] fatal: not a git repository (or any of the parent directories): .git
[2022-10-07T16:57:38.549Z] > git rev-parse --show-toplevel [4ms]
[2022-10-07T16:57:38.549Z] fatal: not a git repository (or any of the parent directories): .git
[2022-10-07T16:57:44.165Z] > git rev-parse --show-toplevel [3ms]
[2022-10-07T16:57:44.261Z] > git rev-parse --git-dir --git-common-dir [26ms]
[2022-10-07T16:57:44.301Z] [info] Open repository: /home/p4imon/Documents/Code/LeakScraper
[2022-10-07T16:57:44.361Z] > git status -z -uall [13ms]
[2022-10-07T16:57:44.395Z] > git symbolic-ref --short HEAD [4ms]
[2022-10-07T16:57:44.412Z] > git for-each-ref --format=%(refname)%00%(upstream:short)%00%(objectname)%00%(upstream:track)%00%(upstream:remotename)%00%(upstream:remoteref) refs/heads/main refs/remotes/main [5ms]
[2022-10-07T16:57:44.446Z] > git for-each-ref --sort -committerdate --format %(refname) %(objectname) %(*objectname) [19ms]
[2022-10-07T16:57:44.451Z] > git remote --verbose [8ms]
[2022-10-07T16:57:44.490Z] > git config --get commit.template [13ms]
[2022-10-07T16:57:44.524Z] > git status -z -uall [15ms]
[2022-10-07T16:57:44.582Z] > git symbolic-ref --short HEAD [5ms]
[2022-10-07T16:57:44.603Z] > git for-each-ref --format=%(refname)%00%(upstream:short)%00%(objectname)%00%(upstream:track)%00%(upstream:remotename)%00%(upstream:remoteref) refs/heads/main refs/remotes/main [9ms]
[2022-10-07T16:57:44.655Z] > git for-each-ref --sort -committerdate --format %(refname) %(objectname) %(*objectname) [16ms]
[2022-10-07T16:57:44.665Z] > git remote --verbose [12ms]
[2022-10-07T16:57:44.700Z] > git config --get commit.template [6ms]
[2022-10-07T16:57:44.855Z] > git show --textconv :Script.py [35ms]
[2022-10-07T16:57:44.856Z] > git ls-files --stage -- /home/p4imon/Documents/Code/LeakScraper/Script.py [13ms]
[2022-10-07T16:57:44.879Z] > git cat-file -s 3bafca8531a0ab0b6daad89b2831ec6cd0794cb0 [7ms]
[2022-10-07T16:57:45.103Z] > git check-ignore -v -z --stdin [11ms]
[2022-10-07T16:58:10.348Z] > git status -z -uall [3ms]
[2022-10-07T16:58:10.358Z] > git symbolic-ref --short HEAD [3ms]
[2022-10-07T16:58:10.369Z] > git for-each-ref --format=%(refname)%00%(upstream:short)%00%(objectname)%00%(upstream:track)%00%(upstream:remotename)%00%(upstream:remoteref) refs/heads/main refs/remotes/main [4ms]
[2022-10-07T16:58:10.393Z] > git for-each-ref --sort -committerdate --format %(refname) %(objectname) %(*objectname) [13ms]
[2022-10-07T16:58:10.394Z] > git remote --verbose [5ms]
[2022-10-07T16:58:10.423Z] > git config --get commit.template [2ms]
[2022-10-07T16:58:34.014Z] > git status -z -uall [3ms]
[2022-10-07T16:58:34.026Z] > git symbolic-ref --short HEAD [2ms]
[2022-10-07T16:58:34.035Z] > git for-each-ref --format=%(refname)%00%(upstream:short)%00%(objectname)%00%(upstream:track)%00%(upstream:remotename)%00%(upstream:remoteref) refs/heads/main refs/remotes/main [3ms]
[2022-10-07T16:58:34.051Z] > git for-each-ref --sort -committerdate --format %(refname) %(objectname) %(*objectname) [8ms]
[2022-10-07T16:58:34.052Z] > git remote --verbose [2ms]
[2022-10-07T16:58:34.067Z] > git config --get commit.template [2ms]
[2022-10-07T16:59:14.521Z] > git status -z -uall [3ms]
[2022-10-07T16:59:14.531Z] > git symbolic-ref --short HEAD [2ms]
[2022-10-07T16:59:14.540Z] > git for-each-ref --format=%(refname)%00%(upstream:short)%00%(objectname)%00%(upstream:track)%00%(upstream:remotename)%00%(upstream:remoteref) refs/heads/main refs/remotes/main [3ms]
[2022-10-07T16:59:14.556Z] > git for-each-ref --sort -committerdate --format %(refname) %(objectname) %(*objectname) [9ms]
[2022-10-07T16:59:14.558Z] > git remote --verbose [4ms]
[2022-10-07T16:59:14.569Z] > git config --get commit.template [2ms]
[2022-10-07T16:59:42.511Z] > git status -z -uall [3ms]
[2022-10-07T16:59:42.523Z] > git symbolic-ref --short HEAD [3ms]
[2022-10-07T16:59:42.533Z] > git for-each-ref --format=%(refname)%00%(upstream:short)%00%(objectname)%00%(upstream:track)%00%(upstream:remotename)%00%(upstream:remoteref) refs/heads/main refs/remotes/main [2ms]
[2022-10-07T16:59:42.551Z] > git for-each-ref --sort -committerdate --format %(refname) %(objectname) %(*objectname) [8ms]
[2022-10-07T16:59:42.552Z] > git remote --verbose [3ms]
[2022-10-07T16:59:42.565Z] > git config --get commit.template [2ms]
[2022-10-07T17:01:34.069Z] > git status -z -uall [3ms]
[2022-10-07T17:01:34.081Z] > git symbolic-ref --short HEAD [3ms]
[2022-10-07T17:01:34.093Z] > git for-each-ref --format=%(refname)%00%(upstream:short)%00%(objectname)%00%(upstream:track)%00%(upstream:remotename)%00%(upstream:remoteref) refs/heads/main refs/remotes/main [3ms]
[2022-10-07T17:01:34.111Z] > git for-each-ref --sort -committerdate --format %(refname) %(objectname) %(*objectname) [10ms]
[2022-10-07T17:01:34.111Z] > git remote --verbose [2ms]
[2022-10-07T17:01:34.127Z] > git config --get commit.template [2ms]
[2022-10-07T17:01:46.297Z] > git status -z -uall [3ms]
[2022-10-07T17:01:46.307Z] > git symbolic-ref --short HEAD [2ms]
[2022-10-07T17:01:46.319Z] > git for-each-ref --format=%(refname)%00%(upstream:short)%00%(objectname)%00%(upstream:track)%00%(upstream:remotename)%00%(upstream:remoteref) refs/heads/main refs/remotes/main [3ms]
[2022-10-07T17:01:46.340Z] > git for-each-ref --sort -committerdate --format %(refname) %(objectname) %(*objectname) [10ms]
[2022-10-07T17:01:46.341Z] > git remote --verbose [3ms]
[2022-10-07T17:01:46.355Z] > git config --get commit.template [3ms]
[2022-10-07T17:02:37.489Z] > git status -z -uall [4ms]
[2022-10-07T17:02:37.497Z] > git symbolic-ref --short HEAD [2ms]
[2022-10-07T17:02:37.507Z] > git for-each-ref --format=%(refname)%00%(upstream:short)%00%(objectname)%00%(upstream:track)%00%(upstream:remotename)%00%(upstream:remoteref) refs/heads/main refs/remotes/main [3ms]
[2022-10-07T17:02:37.523Z] > git remote --verbose [2ms]
[2022-10-07T17:02:37.524Z] > git for-each-ref --sort -committerdate --format %(refname) %(objectname) %(*objectname) [11ms]
[2022-10-07T17:02:37.537Z] > git config --get commit.template [2ms]
[2022-10-07T17:03:19.411Z] > git status -z -uall [3ms]
[2022-10-07T17:03:19.421Z] > git symbolic-ref --short HEAD [2ms]
[2022-10-07T17:03:19.433Z] > git for-each-ref --format=%(refname)%00%(upstream:short)%00%(objectname)%00%(upstream:track)%00%(upstream:remotename)%00%(upstream:remoteref) refs/heads/main refs/remotes/main [2ms]
[2022-10-07T17:03:19.450Z] > git remote --verbose [2ms]
[2022-10-07T17:03:19.450Z] > git for-each-ref --sort -committerdate --format %(refname) %(objectname) %(*objectname) [10ms]
[2022-10-07T17:03:19.464Z] > git config --get commit.template [2ms]
[2022-10-07T17:07:49.129Z] > git status -z -uall [4ms]
[2022-10-07T17:07:49.138Z] > git symbolic-ref --short HEAD [3ms]
[2022-10-07T17:07:49.147Z] > git for-each-ref --format=%(refname)%00%(upstream:short)%00%(objectname)%00%(upstream:track)%00%(upstream:remotename)%00%(upstream:remoteref) refs/heads/main refs/remotes/main [2ms]
[2022-10-07T17:07:49.164Z] > git for-each-ref --sort -committerdate --format %(refname) %(objectname) %(*objectname) [10ms]
[2022-10-07T17:07:49.164Z] > git remote --verbose [2ms]
[2022-10-07T17:07:49.176Z] > git config --get commit.template [3ms]
[2022-10-07T17:17:50.890Z] > git status -z -uall [4ms]
[2022-10-07T17:17:50.899Z] > git symbolic-ref --short HEAD [3ms]
[2022-10-07T17:17:50.910Z] > git for-each-ref --format=%(refname)%00%(upstream:short)%00%(objectname)%00%(upstream:track)%00%(upstream:remotename)%00%(upstream:remoteref) refs/heads/main refs/remotes/main [3ms]
[2022-10-07T17:17:50.926Z] > git for-each-ref --sort -committerdate --format %(refname) %(objectname) %(*objectname) [10ms]
[2022-10-07T17:17:50.926Z] > git remote --verbose [2ms]
[2022-10-07T17:17:50.939Z] > git config --get commit.template [3ms]
[2022-10-07T17:18:35.679Z] > git status -z -uall [5ms]
[2022-10-07T17:18:35.693Z] > git symbolic-ref --short HEAD [2ms]
[2022-10-07T17:18:35.705Z] > git for-each-ref --format=%(refname)%00%(upstream:short)%00%(objectname)%00%(upstream:track)%00%(upstream:remotename)%00%(upstream:remoteref) refs/heads/main refs/remotes/main [3ms]
[2022-10-07T17:18:35.721Z] > git for-each-ref --sort -committerdate --format %(refname) %(objectname) %(*objectname) [10ms]
[2022-10-07T17:18:35.721Z] > git remote --verbose [2ms]
[2022-10-07T17:18:35.735Z] > git config --get commit.template [2ms]
[2022-10-07T17:19:37.200Z] > git status -z -uall [3ms]
[2022-10-07T17:19:37.213Z] > git symbolic-ref --short HEAD [3ms]
[2022-10-07T17:19:37.226Z] > git for-each-ref --format=%(refname)%00%(upstream:short)%00%(objectname)%00%(upstream:track)%00%(upstream:remotename)%00%(upstream:remoteref) refs/heads/main refs/remotes/main [1ms]
[2022-10-07T17:19:37.298Z] > git for-each-ref --sort -committerdate --format %(refname) %(objectname) %(*objectname) [54ms]
[2022-10-07T17:19:37.307Z] > git remote --verbose [20ms]
[2022-10-07T17:19:37.374Z] > git config --get commit.template [10ms]
[2022-10-07T17:20:00.410Z] > git status -z -uall [2ms]
[2022-10-07T17:20:00.420Z] > git symbolic-ref --short HEAD [2ms]
[2022-10-07T17:20:00.430Z] > git for-each-ref --format=%(refname)%00%(upstream:short)%00%(objectname)%00%(upstream:track)%00%(upstream:remotename)%00%(upstream:remoteref) refs/heads/main refs/remotes/main [2ms]
[2022-10-07T17:20:00.447Z] > git for-each-ref --sort -committerdate --format %(refname) %(objectname) %(*objectname) [9ms]
[2022-10-07T17:20:00.448Z] > git remote --verbose [3ms]
[2022-10-07T17:20:00.461Z] > git config --get commit.template [2ms]
[2022-10-07T17:20:26.392Z] > git status -z -uall [2ms]
[2022-10-07T17:20:26.404Z] > git symbolic-ref --short HEAD [2ms]
[2022-10-07T17:20:26.414Z] > git for-each-ref --format=%(refname)%00%(upstream:short)%00%(objectname)%00%(upstream:track)%00%(upstream:remotename)%00%(upstream:remoteref) refs/heads/main refs/remotes/main [2ms]
[2022-10-07T17:20:26.434Z] > git for-each-ref --sort -committerdate --format %(refname) %(objectname) %(*objectname) [11ms]
[2022-10-07T17:20:26.435Z] > git remote --verbose [2ms]
[2022-10-07T17:20:26.449Z] > git config --get commit.template [2ms]
[2022-10-07T17:23:30.965Z] > git status -z -uall [3ms]
[2022-10-07T17:23:30.973Z] > git symbolic-ref --short HEAD [1ms]
[2022-10-07T17:23:30.982Z] > git for-each-ref --format=%(refname)%00%(upstream:short)%00%(objectname)%00%(upstream:track)%00%(upstream:remotename)%00%(upstream:remoteref) refs/heads/main refs/remotes/main [2ms]
[2022-10-07T17:23:30.997Z] > git for-each-ref --sort -committerdate --format %(refname) %(objectname) %(*objectname) [9ms]
[2022-10-07T17:23:30.997Z] > git remote --verbose [2ms]
[2022-10-07T17:23:31.008Z] > git config --get commit.template [2ms]
[2022-10-07T17:23:31.071Z] > git ls-files --stage -- /home/p4imon/Documents/Code/LeakScraper/Script.py [1ms]
[2022-10-07T17:23:31.081Z] > git cat-file -s 276a201bfbe44fd95cd7e27ae1969da26f3e555e [2ms]
[2022-10-07T17:23:31.096Z] > git show --textconv :Script.py [2ms]
[2022-10-07T17:23:56.576Z] > git status -z -uall [3ms]
[2022-10-07T17:23:56.586Z] > git symbolic-ref --short HEAD [2ms]
[2022-10-07T17:23:56.595Z] > git for-each-ref --format=%(refname)%00%(upstream:short)%00%(objectname)%00%(upstream:track)%00%(upstream:remotename)%00%(upstream:remoteref) refs/heads/main refs/remotes/main [3ms]
[2022-10-07T17:23:56.610Z] > git for-each-ref --sort -committerdate --format %(refname) %(objectname) %(*objectname) [9ms]
[2022-10-07T17:23:56.610Z] > git remote --verbose [2ms]
[2022-10-07T17:23:56.626Z] > git config --get commit.template [4ms]
[2022-10-07T17:23:56.743Z] > git ls-files --stage -- /home/p4imon/Documents/Code/LeakScraper/Script.py [4ms]
[2022-10-07T17:23:56.753Z] > git cat-file -s 276a201bfbe44fd95cd7e27ae1969da26f3e555e [3ms]
[2022-10-07T17:23:56.766Z] > git show --textconv :Script.py [3ms]
[2022-10-07T17:27:43.576Z] > git status -z -uall [3ms]
[2022-10-07T17:27:43.587Z] > git symbolic-ref --short HEAD [2ms]
[2022-10-07T17:27:43.599Z] > git for-each-ref --format=%(refname)%00%(upstream:short)%00%(objectname)%00%(upstream:track)%00%(upstream:remotename)%00%(upstream:remoteref) refs/heads/main refs/remotes/main [2ms]
[2022-10-07T17:27:43.617Z] > git for-each-ref --sort -committerdate --format %(refname) %(objectname) %(*objectname) [10ms]
[2022-10-07T17:27:43.618Z] > git remote --verbose [2ms]
[2022-10-07T17:27:43.638Z] > git config --get commit.template [2ms]
[2022-10-07T17:27:46.533Z] > git ls-files --stage -- /home/p4imon/Documents/Code/LeakScraper/Script.py [2ms]
[2022-10-07T17:27:46.543Z] > git cat-file -s 113479d33cfc108a37781c6852ab330b232a5a15 [2ms]
[2022-10-07T17:27:46.557Z] > git show --textconv :Script.py [3ms]
[2022-10-07T17:27:48.652Z] > git status -z -uall [3ms]
[2022-10-07T17:27:48.662Z] > git symbolic-ref --short HEAD [2ms]
[2022-10-07T17:27:48.673Z] > git for-each-ref --format=%(refname)%00%(upstream:short)%00%(objectname)%00%(upstream:track)%00%(upstream:remotename)%00%(upstream:remoteref) refs/heads/main refs/remotes/main [3ms]
[2022-10-07T17:27:48.691Z] > git for-each-ref --sort -committerdate --format %(refname) %(objectname) %(*objectname) [10ms]
[2022-10-07T17:27:48.691Z] > git remote --verbose [2ms]
[2022-10-07T17:27:48.713Z] > git config --get commit.template [5ms]
[2022-10-07T17:28:00.604Z] > git status -z -uall [13ms]
[2022-10-07T17:28:00.622Z] > git symbolic-ref --short HEAD [2ms]
[2022-10-07T17:28:00.634Z] > git for-each-ref --format=%(refname)%00%(upstream:short)%00%(objectname)%00%(upstream:track)%00%(upstream:remotename)%00%(upstream:remoteref) refs/heads/main refs/remotes/main [3ms]
[2022-10-07T17:28:00.655Z] > git for-each-ref --sort -committerdate --format %(refname) %(objectname) %(*objectname) [13ms]
[2022-10-07T17:28:00.655Z] > git remote --verbose [3ms]
[2022-10-07T17:28:00.670Z] > git config --get commit.template [2ms]
[2022-10-07T17:30:20.838Z] > git status -z -uall [4ms]
[2022-10-07T17:30:20.848Z] > git symbolic-ref --short HEAD [2ms]
[2022-10-07T17:30:20.857Z] > git for-each-ref --format=%(refname)%00%(upstream:short)%00%(objectname)%00%(upstream:track)%00%(upstream:remotename)%00%(upstream:remoteref) refs/heads/main refs/remotes/main [2ms]
[2022-10-07T17:30:20.874Z] > git for-each-ref --sort -committerdate --format %(refname) %(objectname) %(*objectname) [9ms]
[2022-10-07T17:30:20.875Z] > git remote --verbose [3ms]
[2022-10-07T17:30:20.887Z] > git config --get commit.template [2ms]
[2022-10-07T17:30:28.090Z] > git status -z -uall [3ms]
[2022-10-07T17:30:28.101Z] > git symbolic-ref --short HEAD [2ms]
[2022-10-07T17:30:28.111Z] > git for-each-ref --format=%(refname)%00%(upstream:short)%00%(objectname)%00%(upstream:track)%00%(upstream:remotename)%00%(upstream:remoteref) refs/heads/main refs/remotes/main [4ms]
[2022-10-07T17:30:28.126Z] > git for-each-ref --sort -committerdate --format %(refname) %(objectname) %(*objectname) [9ms]
[2022-10-07T17:30:28.127Z] > git remote --verbose [3ms]
[2022-10-07T17:30:28.141Z] > git config --get commit.template [2ms]
[2022-10-07T17:30:59.275Z] > git status -z -uall [3ms]
[2022-10-07T17:30:59.285Z] > git symbolic-ref --short HEAD [2ms]
[2022-10-07T17:30:59.295Z] > git for-each-ref --format=%(refname)%00%(upstream:short)%00%(objectname)%00%(upstream:track)%00%(upstream:remotename)%00%(upstream:remoteref) refs/heads/main refs/remotes/main [4ms]
[2022-10-07T17:30:59.310Z] > git for-each-ref --sort -committerdate --format %(refname) %(objectname) %(*objectname) [9ms]
[2022-10-07T17:30:59.311Z] > git remote --verbose [3ms]
[2022-10-07T17:30:59.324Z] > git config --get commit.template [2ms]
[2022-10-07T17:31:27.933Z] > git status -z -uall [2ms]
[2022-10-07T17:31:27.944Z] > git symbolic-ref --short HEAD [2ms]
[2022-10-07T17:31:27.954Z] > git for-each-ref --format=%(refname)%00%(upstream:short)%00%(objectname)%00%(upstream:track)%00%(upstream:remotename)%00%(upstream:remoteref) refs/heads/main refs/remotes/main [2ms]
[2022-10-07T17:31:27.972Z] > git for-each-ref --sort -committerdate --format %(refname) %(objectname) %(*objectname) [9ms]
[2022-10-07T17:31:27.973Z] > git remote --verbose [3ms]
[2022-10-07T17:31:27.988Z] > git config --get commit.template [2ms]
[2022-10-07T17:31:28.037Z] > git ls-files --stage -- /home/p4imon/Documents/Code/LeakScraper/Script.py [2ms]
[2022-10-07T17:31:28.045Z] > git cat-file -s 967311fb9bfd8dfdccc25aa2658026b480c37898 [2ms]
[2022-10-07T17:31:28.058Z] > git show --textconv :Script.py [3ms]
[2022-10-07T17:32:06.408Z] > git status -z -uall [2ms]
[2022-10-07T17:32:06.418Z] > git symbolic-ref --short HEAD [1ms]
[2022-10-07T17:32:06.429Z] > git for-each-ref --format=%(refname)%00%(upstream:short)%00%(objectname)%00%(upstream:track)%00%(upstream:remotename)%00%(upstream:remoteref) refs/heads/main refs/remotes/main [3ms]
[2022-10-07T17:32:06.446Z] > git for-each-ref --sort -committerdate --format %(refname) %(objectname) %(*objectname) [9ms]
[2022-10-07T17:32:06.446Z] > git remote --verbose [2ms]
[2022-10-07T17:32:06.466Z] > git config --get commit.template [4ms]
[2022-10-07T17:32:06.510Z] > git ls-files --stage -- /home/p4imon/Documents/Code/LeakScraper/Script.py [2ms]
[2022-10-07T17:32:06.520Z] > git cat-file -s 967311fb9bfd8dfdccc25aa2658026b480c37898 [2ms]
[2022-10-07T17:32:06.534Z] > git show --textconv :Script.py [3ms]
