[2022-10-14 11:29:50.268] [exthost] [info] Extension host with pid 2661 started
[2022-10-14 11:29:50.268] [exthost] [info] Skipping acquiring lock for /home/p4imon/.config/Code - OSS/User/workspaceStorage/607fafe745b69dc91b475181d58f0f6f.
[2022-10-14 11:29:50.688] [exthost] [info] ExtensionService#_doActivateExtension vscode.debug-auto-launch, startup: true, activationEvent: '*'
[2022-10-14 11:29:50.690] [exthost] [info] ExtensionService#_doActivateExtension vscode.git-base, startup: true, activationEvent: '*', root cause: vscode.git
[2022-10-14 11:29:50.690] [exthost] [info] ExtensionService#_doActivateExtension vscode.ipynb, startup: true, activationEvent: '*'
[2022-10-14 11:29:51.198] [exthost] [info] ExtensionService#_doActivateExtension vscode.git, startup: true, activationEvent: '*'
[2022-10-14 11:29:51.199] [exthost] [info] ExtensionService#_doActivateExtension vscode.github, startup: true, activationEvent: '*'
[2022-10-14 11:29:51.853] [exthost] [info] Eager extensions activated
[2022-10-14 11:29:52.241] [exthost] [info] ExtensionService#_doActivateExtension vscode.emmet, startup: false, activationEvent: 'onStartupFinished'
[2022-10-14 11:29:52.242] [exthost] [info] ExtensionService#_doActivateExtension vscode.merge-conflict, startup: false, activationEvent: 'onStartupFinished'
[2022-10-14 12:07:25.049] [exthost] [info] Extension host terminating: received terminate message from renderer
[2022-10-14 12:07:25.064] [exthost] [info] Extension host with pid 2661 exiting with code 0
[2022-10-14 12:07:29.383] [exthost] [info] Extension host with pid 4700 started
[2022-10-14 12:07:29.384] [exthost] [info] Skipping acquiring lock for /home/p4imon/.config/Code - OSS/User/workspaceStorage/800a4653fbfa36ba91ae86dee5d6cc74.
[2022-10-14 12:07:29.810] [exthost] [info] ExtensionService#_doActivateExtension vscode.debug-auto-launch, startup: true, activationEvent: '*'
[2022-10-14 12:07:29.810] [exthost] [info] ExtensionService#_doActivateExtension vscode.git-base, startup: true, activationEvent: '*'
[2022-10-14 12:07:29.811] [exthost] [info] ExtensionService#_doActivateExtension vscode.ipynb, startup: true, activationEvent: '*'
[2022-10-14 12:07:30.053] [exthost] [info] ExtensionService#_doActivateExtension vscode.github, startup: true, activationEvent: '*'
[2022-10-14 12:07:30.073] [exthost] [info] Eager extensions activated
[2022-10-14 12:07:30.084] [exthost] [info] ExtensionService#_doActivateExtension vscode.git, startup: false, activationEvent: '*'
[2022-10-14 12:07:30.084] [exthost] [info] ExtensionService#_doActivateExtension vscode.emmet, startup: false, activationEvent: 'onStartupFinished'
[2022-10-14 12:07:30.085] [exthost] [info] ExtensionService#_doActivateExtension vscode.merge-conflict, startup: false, activationEvent: 'onStartupFinished'
[2022-10-14 12:18:21.413] [exthost] [info] Extension host terminating: received terminate message from renderer
[2022-10-14 12:18:21.431] [exthost] [info] Extension host with pid 4700 exiting with code 0
